
code.elf:     file format elf32-avr


Disassembly of section .text:

00000000 <__vectors>:
   0:	0c 94 24 01 	jmp	0x248	; 0x248 <__ctors_end>
   4:	0c 94 41 01 	jmp	0x282	; 0x282 <__bad_interrupt>
   8:	0c 94 41 01 	jmp	0x282	; 0x282 <__bad_interrupt>
   c:	0c 94 41 01 	jmp	0x282	; 0x282 <__bad_interrupt>
  10:	0c 94 41 01 	jmp	0x282	; 0x282 <__bad_interrupt>
  14:	0c 94 41 01 	jmp	0x282	; 0x282 <__bad_interrupt>
  18:	0c 94 41 01 	jmp	0x282	; 0x282 <__bad_interrupt>
  1c:	0c 94 41 01 	jmp	0x282	; 0x282 <__bad_interrupt>
  20:	0c 94 41 01 	jmp	0x282	; 0x282 <__bad_interrupt>
  24:	0c 94 41 01 	jmp	0x282	; 0x282 <__bad_interrupt>
  28:	0c 94 41 01 	jmp	0x282	; 0x282 <__bad_interrupt>
  2c:	0c 94 d3 01 	jmp	0x3a6	; 0x3a6 <__vector_11>
  30:	0c 94 41 01 	jmp	0x282	; 0x282 <__bad_interrupt>
  34:	0c 94 41 01 	jmp	0x282	; 0x282 <__bad_interrupt>
  38:	0c 94 41 01 	jmp	0x282	; 0x282 <__bad_interrupt>
  3c:	0c 94 41 01 	jmp	0x282	; 0x282 <__bad_interrupt>
  40:	0c 94 41 01 	jmp	0x282	; 0x282 <__bad_interrupt>
  44:	0c 94 41 01 	jmp	0x282	; 0x282 <__bad_interrupt>
  48:	0c 94 41 01 	jmp	0x282	; 0x282 <__bad_interrupt>
  4c:	0c 94 41 01 	jmp	0x282	; 0x282 <__bad_interrupt>
  50:	0c 94 41 01 	jmp	0x282	; 0x282 <__bad_interrupt>
  54:	0c 94 41 01 	jmp	0x282	; 0x282 <__bad_interrupt>
  58:	0c 94 41 01 	jmp	0x282	; 0x282 <__bad_interrupt>
  5c:	0c 94 41 01 	jmp	0x282	; 0x282 <__bad_interrupt>
  60:	0c 94 41 01 	jmp	0x282	; 0x282 <__bad_interrupt>
  64:	0c 94 41 01 	jmp	0x282	; 0x282 <__bad_interrupt>

00000068 <CHARSET>:
  68:	00 00 00 00 00 00 00 5f 00 00 00 07 00 07 00 14     ......._........
  78:	7f 14 7f 14 24 2a 7f 2a 12 23 13 08 64 62 36 49     ....$*.*.#..db6I
  88:	55 22 50 00 05 03 00 00 00 1c 22 41 00 00 41 22     U"P......."A..A"
  98:	1c 00 14 08 3e 08 14 08 08 3e 08 08 00 50 30 00     ....>....>...P0.
  a8:	00 08 08 08 08 08 00 60 60 00 00 20 10 08 04 02     .......``.. ....
  b8:	3e 51 49 45 3e 00 42 7f 40 00 42 61 51 49 46 21     >QIE>.B.@.BaQIF!
  c8:	41 45 4b 31 18 14 12 7f 10 27 45 45 45 39 3c 4a     AEK1.....'EEE9<J
  d8:	49 49 30 01 71 09 05 03 36 49 49 49 36 06 49 49     II0.q...6III6.II
  e8:	29 1e 00 36 36 00 00 00 56 36 00 00 08 14 22 41     )..66...V6...."A
  f8:	00 14 14 14 14 14 00 41 22 14 08 02 01 51 09 06     .......A"....Q..
 108:	32 49 79 41 3e 7e 11 11 11 7e 7f 49 49 49 36 3e     2IyA>~...~.III6>
 118:	41 41 41 22 7f 41 41 22 1c 7f 49 49 49 41 7f 09     AAA".AA"..IIIA..
 128:	09 09 01 3e 41 49 49 7a 7f 08 08 08 7f 00 41 7f     ...>AIIz......A.
 138:	41 00 20 40 41 3f 01 7f 08 14 22 41 7f 40 40 40     A. @A?...."A.@@@
 148:	40 7f 02 0c 02 7f 7f 04 08 10 7f 3e 41 41 41 3e     @..........>AAA>
 158:	7f 09 09 09 06 3e 41 51 21 5e 7f 09 19 29 46 46     .....>AQ!^...)FF
 168:	49 49 49 31 01 01 7f 01 01 3f 40 40 40 3f 1f 20     III1.....?@@@?. 
 178:	40 20 1f 3f 40 38 40 3f 63 14 08 14 63 07 08 70     @ .?@8@?c...c..p
 188:	08 07 61 51 49 45 43 00 7f 41 41 00 02 04 08 10     ..aQIEC..AA.....
 198:	20 00 41 41 7f 00 04 02 01 02 04 40 40 40 40 40      .AA.......@@@@@
 1a8:	00 01 02 04 00 20 54 54 54 78 7f 48 44 44 38 38     ..... TTTx.HDD88
 1b8:	44 44 44 20 38 44 44 48 7f 38 54 54 54 18 08 7e     DDD 8DDH.8TTT..~
 1c8:	09 01 02 0c 52 52 52 3e 7f 08 04 04 78 00 44 7d     ....RRR>....x.D}
 1d8:	40 00 20 40 44 3d 00 7f 10 28 44 00 00 41 7f 40     @. @D=...(D..A.@
 1e8:	00 7c 04 18 04 78 7c 08 04 04 78 38 44 44 44 38     .|...x|...x8DDD8
 1f8:	7c 14 14 14 08 08 14 14 18 7c 7c 08 04 04 08 48     |........||....H
 208:	54 54 54 20 04 3f 44 40 20 3c 40 40 20 7c 1c 20     TTT .?D@ <@@ |. 
 218:	40 20 1c 3c 40 30 40 3c 44 28 10 28 44 0c 50 50     @ .<@0@<D(.(D.PP
 228:	50 3c 44 64 54 4c 44 00 08 36 41 00 00 00 7f 00     P<DdTLD..6A.....
 238:	00 00 41 36 08 00 10 08 08 10 08 00 00 00 00 00     ..A6............

00000248 <__ctors_end>:
 248:	11 24       	eor	r1, r1
 24a:	1f be       	out	0x3f, r1	; 63
 24c:	cf ef       	ldi	r28, 0xFF	; 255
 24e:	d8 e0       	ldi	r29, 0x08	; 8
 250:	de bf       	out	0x3e, r29	; 62
 252:	cd bf       	out	0x3d, r28	; 61

00000254 <__do_copy_data>:
 254:	11 e0       	ldi	r17, 0x01	; 1
 256:	a0 e0       	ldi	r26, 0x00	; 0
 258:	b1 e0       	ldi	r27, 0x01	; 1
 25a:	ea ef       	ldi	r30, 0xFA	; 250
 25c:	f7 e0       	ldi	r31, 0x07	; 7
 25e:	02 c0       	rjmp	.+4      	; 0x264 <__do_copy_data+0x10>
 260:	05 90       	lpm	r0, Z+
 262:	0d 92       	st	X+, r0
 264:	ac 36       	cpi	r26, 0x6C	; 108
 266:	b1 07       	cpc	r27, r17
 268:	d9 f7       	brne	.-10     	; 0x260 <__do_copy_data+0xc>

0000026a <__do_clear_bss>:
 26a:	23 e0       	ldi	r18, 0x03	; 3
 26c:	ac e6       	ldi	r26, 0x6C	; 108
 26e:	b1 e0       	ldi	r27, 0x01	; 1
 270:	01 c0       	rjmp	.+2      	; 0x274 <.do_clear_bss_start>

00000272 <.do_clear_bss_loop>:
 272:	1d 92       	st	X+, r1

00000274 <.do_clear_bss_start>:
 274:	a3 3b       	cpi	r26, 0xB3	; 179
 276:	b2 07       	cpc	r27, r18
 278:	e1 f7       	brne	.-8      	; 0x272 <.do_clear_bss_loop>
 27a:	0e 94 ac 03 	call	0x758	; 0x758 <main>
 27e:	0c 94 fb 03 	jmp	0x7f6	; 0x7f6 <_exit>

00000282 <__bad_interrupt>:
 282:	0c 94 00 00 	jmp	0	; 0x0 <__vectors>

00000286 <lcd_atualizar>:
 286:	cf 93       	push	r28
 288:	0e 94 a8 02 	call	0x550	; 0x550 <nokia_lcd_clear>
 28c:	61 e0       	ldi	r22, 0x01	; 1
 28e:	8c e3       	ldi	r24, 0x3C	; 60
 290:	91 e0       	ldi	r25, 0x01	; 1
 292:	0e 94 82 03 	call	0x704	; 0x704 <nokia_lcd_write_string>
 296:	80 91 70 01 	lds	r24, 0x0170	; 0x800170 <contadorSegundoDezena>
 29a:	90 91 71 01 	lds	r25, 0x0171	; 0x800171 <contadorSegundoDezena+0x1>
 29e:	c5 e0       	ldi	r28, 0x05	; 5
 2a0:	c8 9f       	mul	r28, r24
 2a2:	b0 01       	movw	r22, r0
 2a4:	c9 9f       	mul	r28, r25
 2a6:	70 0d       	add	r23, r0
 2a8:	11 24       	eor	r1, r1
 2aa:	60 50       	subi	r22, 0x00	; 0
 2ac:	7f 4f       	sbci	r23, 0xFF	; 255
 2ae:	83 e0       	ldi	r24, 0x03	; 3
 2b0:	0e 94 78 03 	call	0x6f0	; 0x6f0 <nokia_lcd_custom>
 2b4:	80 91 72 01 	lds	r24, 0x0172	; 0x800172 <contadorSegundoUnidade>
 2b8:	90 91 73 01 	lds	r25, 0x0173	; 0x800173 <contadorSegundoUnidade+0x1>
 2bc:	c8 9f       	mul	r28, r24
 2be:	b0 01       	movw	r22, r0
 2c0:	c9 9f       	mul	r28, r25
 2c2:	70 0d       	add	r23, r0
 2c4:	11 24       	eor	r1, r1
 2c6:	60 50       	subi	r22, 0x00	; 0
 2c8:	7f 4f       	sbci	r23, 0xFF	; 255
 2ca:	84 e0       	ldi	r24, 0x04	; 4
 2cc:	0e 94 78 03 	call	0x6f0	; 0x6f0 <nokia_lcd_custom>
 2d0:	80 91 76 01 	lds	r24, 0x0176	; 0x800176 <contadorCentesimoUnidade>
 2d4:	90 91 77 01 	lds	r25, 0x0177	; 0x800177 <contadorCentesimoUnidade+0x1>
 2d8:	c8 9f       	mul	r28, r24
 2da:	b0 01       	movw	r22, r0
 2dc:	c9 9f       	mul	r28, r25
 2de:	70 0d       	add	r23, r0
 2e0:	11 24       	eor	r1, r1
 2e2:	60 50       	subi	r22, 0x00	; 0
 2e4:	7f 4f       	sbci	r23, 0xFF	; 255
 2e6:	82 e0       	ldi	r24, 0x02	; 2
 2e8:	0e 94 78 03 	call	0x6f0	; 0x6f0 <nokia_lcd_custom>
 2ec:	80 91 74 01 	lds	r24, 0x0174	; 0x800174 <contadorCentesimoDezena>
 2f0:	90 91 75 01 	lds	r25, 0x0175	; 0x800175 <contadorCentesimoDezena+0x1>
 2f4:	c8 9f       	mul	r28, r24
 2f6:	b0 01       	movw	r22, r0
 2f8:	c9 9f       	mul	r28, r25
 2fa:	70 0d       	add	r23, r0
 2fc:	11 24       	eor	r1, r1
 2fe:	60 50       	subi	r22, 0x00	; 0
 300:	7f 4f       	sbci	r23, 0xFF	; 255
 302:	81 e0       	ldi	r24, 0x01	; 1
 304:	0e 94 78 03 	call	0x6f0	; 0x6f0 <nokia_lcd_custom>
 308:	80 91 6e 01 	lds	r24, 0x016E	; 0x80016e <contadorMinutoUnidade>
 30c:	90 91 6f 01 	lds	r25, 0x016F	; 0x80016f <contadorMinutoUnidade+0x1>
 310:	c8 9f       	mul	r28, r24
 312:	b0 01       	movw	r22, r0
 314:	c9 9f       	mul	r28, r25
 316:	70 0d       	add	r23, r0
 318:	11 24       	eor	r1, r1
 31a:	60 50       	subi	r22, 0x00	; 0
 31c:	7f 4f       	sbci	r23, 0xFF	; 255
 31e:	85 e0       	ldi	r24, 0x05	; 5
 320:	0e 94 78 03 	call	0x6f0	; 0x6f0 <nokia_lcd_custom>
 324:	80 91 6c 01 	lds	r24, 0x016C	; 0x80016c <contadorMinutoDezena>
 328:	90 91 6d 01 	lds	r25, 0x016D	; 0x80016d <contadorMinutoDezena+0x1>
 32c:	c8 9f       	mul	r28, r24
 32e:	b0 01       	movw	r22, r0
 330:	c9 9f       	mul	r28, r25
 332:	70 0d       	add	r23, r0
 334:	11 24       	eor	r1, r1
 336:	60 50       	subi	r22, 0x00	; 0
 338:	7f 4f       	sbci	r23, 0xFF	; 255
 33a:	86 e0       	ldi	r24, 0x06	; 6
 33c:	0e 94 78 03 	call	0x6f0	; 0x6f0 <nokia_lcd_custom>
 340:	61 e0       	ldi	r22, 0x01	; 1
 342:	8d e4       	ldi	r24, 0x4D	; 77
 344:	91 e0       	ldi	r25, 0x01	; 1
 346:	0e 94 82 03 	call	0x704	; 0x704 <nokia_lcd_write_string>
 34a:	68 e1       	ldi	r22, 0x18	; 24
 34c:	8a e2       	ldi	r24, 0x2A	; 42
 34e:	0e 94 92 03 	call	0x724	; 0x724 <nokia_lcd_set_cursor>
 352:	80 91 78 01 	lds	r24, 0x0178	; 0x800178 <cronometroON>
 356:	61 e0       	ldi	r22, 0x01	; 1
 358:	81 11       	cpse	r24, r1
 35a:	07 c0       	rjmp	.+14     	; 0x36a <lcd_atualizar+0xe4>
 35c:	87 e5       	ldi	r24, 0x57	; 87
 35e:	91 e0       	ldi	r25, 0x01	; 1
 360:	0e 94 82 03 	call	0x704	; 0x704 <nokia_lcd_write_string>
 364:	cf 91       	pop	r28
 366:	0c 94 97 03 	jmp	0x72e	; 0x72e <nokia_lcd_render>
 36a:	83 e6       	ldi	r24, 0x63	; 99
 36c:	91 e0       	ldi	r25, 0x01	; 1
 36e:	f8 cf       	rjmp	.-16     	; 0x360 <lcd_atualizar+0xda>

00000370 <timer_init>:
 370:	10 92 80 00 	sts	0x0080, r1	; 0x800080 <__TEXT_REGION_LENGTH__+0x7e0080>
 374:	e1 e8       	ldi	r30, 0x81	; 129
 376:	f0 e0       	ldi	r31, 0x00	; 0
 378:	10 82       	st	Z, r1
 37a:	10 92 85 00 	sts	0x0085, r1	; 0x800085 <__TEXT_REGION_LENGTH__+0x7e0085>
 37e:	10 92 84 00 	sts	0x0084, r1	; 0x800084 <__TEXT_REGION_LENGTH__+0x7e0084>
 382:	80 81       	ld	r24, Z
 384:	88 60       	ori	r24, 0x08	; 8
 386:	80 83       	st	Z, r24
 388:	80 81       	ld	r24, Z
 38a:	85 60       	ori	r24, 0x05	; 5
 38c:	80 83       	st	Z, r24
 38e:	8b e9       	ldi	r24, 0x9B	; 155
 390:	90 e0       	ldi	r25, 0x00	; 0
 392:	90 93 89 00 	sts	0x0089, r25	; 0x800089 <__TEXT_REGION_LENGTH__+0x7e0089>
 396:	80 93 88 00 	sts	0x0088, r24	; 0x800088 <__TEXT_REGION_LENGTH__+0x7e0088>
 39a:	ef e6       	ldi	r30, 0x6F	; 111
 39c:	f0 e0       	ldi	r31, 0x00	; 0
 39e:	80 81       	ld	r24, Z
 3a0:	82 60       	ori	r24, 0x02	; 2
 3a2:	80 83       	st	Z, r24
 3a4:	08 95       	ret

000003a6 <__vector_11>:
 3a6:	1f 92       	push	r1
 3a8:	1f b6       	in	r1, 0x3f	; 63
 3aa:	1f 92       	push	r1
 3ac:	11 24       	eor	r1, r1
 3ae:	8f 93       	push	r24
 3b0:	9f 93       	push	r25
 3b2:	80 91 78 01 	lds	r24, 0x0178	; 0x800178 <cronometroON>
 3b6:	88 23       	and	r24, r24
 3b8:	e1 f0       	breq	.+56     	; 0x3f2 <__vector_11+0x4c>
 3ba:	80 91 76 01 	lds	r24, 0x0176	; 0x800176 <contadorCentesimoUnidade>
 3be:	90 91 77 01 	lds	r25, 0x0177	; 0x800177 <contadorCentesimoUnidade+0x1>
 3c2:	01 96       	adiw	r24, 0x01	; 1
 3c4:	90 93 77 01 	sts	0x0177, r25	; 0x800177 <contadorCentesimoUnidade+0x1>
 3c8:	80 93 76 01 	sts	0x0176, r24	; 0x800176 <contadorCentesimoUnidade>
 3cc:	8a 30       	cpi	r24, 0x0A	; 10
 3ce:	91 05       	cpc	r25, r1
 3d0:	84 f0       	brlt	.+32     	; 0x3f2 <__vector_11+0x4c>
 3d2:	80 91 74 01 	lds	r24, 0x0174	; 0x800174 <contadorCentesimoDezena>
 3d6:	90 91 75 01 	lds	r25, 0x0175	; 0x800175 <contadorCentesimoDezena+0x1>
 3da:	01 96       	adiw	r24, 0x01	; 1
 3dc:	8a 30       	cpi	r24, 0x0A	; 10
 3de:	91 05       	cpc	r25, r1
 3e0:	74 f4       	brge	.+28     	; 0x3fe <__vector_11+0x58>
 3e2:	90 93 75 01 	sts	0x0175, r25	; 0x800175 <contadorCentesimoDezena+0x1>
 3e6:	80 93 74 01 	sts	0x0174, r24	; 0x800174 <contadorCentesimoDezena>
 3ea:	10 92 77 01 	sts	0x0177, r1	; 0x800177 <contadorCentesimoUnidade+0x1>
 3ee:	10 92 76 01 	sts	0x0176, r1	; 0x800176 <contadorCentesimoUnidade>
 3f2:	9f 91       	pop	r25
 3f4:	8f 91       	pop	r24
 3f6:	1f 90       	pop	r1
 3f8:	1f be       	out	0x3f, r1	; 63
 3fa:	1f 90       	pop	r1
 3fc:	18 95       	reti
 3fe:	10 92 75 01 	sts	0x0175, r1	; 0x800175 <contadorCentesimoDezena+0x1>
 402:	10 92 74 01 	sts	0x0174, r1	; 0x800174 <contadorCentesimoDezena>
 406:	80 91 72 01 	lds	r24, 0x0172	; 0x800172 <contadorSegundoUnidade>
 40a:	90 91 73 01 	lds	r25, 0x0173	; 0x800173 <contadorSegundoUnidade+0x1>
 40e:	01 96       	adiw	r24, 0x01	; 1
 410:	90 93 73 01 	sts	0x0173, r25	; 0x800173 <contadorSegundoUnidade+0x1>
 414:	80 93 72 01 	sts	0x0172, r24	; 0x800172 <contadorSegundoUnidade>
 418:	8a 30       	cpi	r24, 0x0A	; 10
 41a:	91 05       	cpc	r25, r1
 41c:	34 f3       	brlt	.-52     	; 0x3ea <__vector_11+0x44>
 41e:	80 91 70 01 	lds	r24, 0x0170	; 0x800170 <contadorSegundoDezena>
 422:	90 91 71 01 	lds	r25, 0x0171	; 0x800171 <contadorSegundoDezena+0x1>
 426:	01 96       	adiw	r24, 0x01	; 1
 428:	86 30       	cpi	r24, 0x06	; 6
 42a:	91 05       	cpc	r25, r1
 42c:	4c f4       	brge	.+18     	; 0x440 <__LOCK_REGION_LENGTH__+0x40>
 42e:	90 93 71 01 	sts	0x0171, r25	; 0x800171 <contadorSegundoDezena+0x1>
 432:	80 93 70 01 	sts	0x0170, r24	; 0x800170 <contadorSegundoDezena>
 436:	10 92 73 01 	sts	0x0173, r1	; 0x800173 <contadorSegundoUnidade+0x1>
 43a:	10 92 72 01 	sts	0x0172, r1	; 0x800172 <contadorSegundoUnidade>
 43e:	d5 cf       	rjmp	.-86     	; 0x3ea <__vector_11+0x44>
 440:	10 92 71 01 	sts	0x0171, r1	; 0x800171 <contadorSegundoDezena+0x1>
 444:	10 92 70 01 	sts	0x0170, r1	; 0x800170 <contadorSegundoDezena>
 448:	80 91 6e 01 	lds	r24, 0x016E	; 0x80016e <contadorMinutoUnidade>
 44c:	90 91 6f 01 	lds	r25, 0x016F	; 0x80016f <contadorMinutoUnidade+0x1>
 450:	01 96       	adiw	r24, 0x01	; 1
 452:	90 93 6f 01 	sts	0x016F, r25	; 0x80016f <contadorMinutoUnidade+0x1>
 456:	80 93 6e 01 	sts	0x016E, r24	; 0x80016e <contadorMinutoUnidade>
 45a:	8a 30       	cpi	r24, 0x0A	; 10
 45c:	91 05       	cpc	r25, r1
 45e:	5c f3       	brlt	.-42     	; 0x436 <__LOCK_REGION_LENGTH__+0x36>
 460:	80 91 6c 01 	lds	r24, 0x016C	; 0x80016c <contadorMinutoDezena>
 464:	90 91 6d 01 	lds	r25, 0x016D	; 0x80016d <contadorMinutoDezena+0x1>
 468:	01 96       	adiw	r24, 0x01	; 1
 46a:	8a 30       	cpi	r24, 0x0A	; 10
 46c:	91 05       	cpc	r25, r1
 46e:	4c f4       	brge	.+18     	; 0x482 <__LOCK_REGION_LENGTH__+0x82>
 470:	90 93 6d 01 	sts	0x016D, r25	; 0x80016d <contadorMinutoDezena+0x1>
 474:	80 93 6c 01 	sts	0x016C, r24	; 0x80016c <contadorMinutoDezena>
 478:	10 92 6f 01 	sts	0x016F, r1	; 0x80016f <contadorMinutoUnidade+0x1>
 47c:	10 92 6e 01 	sts	0x016E, r1	; 0x80016e <contadorMinutoUnidade>
 480:	da cf       	rjmp	.-76     	; 0x436 <__LOCK_REGION_LENGTH__+0x36>
 482:	10 92 6d 01 	sts	0x016D, r1	; 0x80016d <contadorMinutoDezena+0x1>
 486:	10 92 6c 01 	sts	0x016C, r1	; 0x80016c <contadorMinutoDezena>
 48a:	f6 cf       	rjmp	.-20     	; 0x478 <__LOCK_REGION_LENGTH__+0x78>

0000048c <write>:
 48c:	29 98       	cbi	0x05, 1	; 5
 48e:	66 23       	and	r22, r22
 490:	a9 f0       	breq	.+42     	; 0x4bc <write+0x30>
 492:	2b 9a       	sbi	0x05, 3	; 5
 494:	27 e0       	ldi	r18, 0x07	; 7
 496:	30 e0       	ldi	r19, 0x00	; 0
 498:	90 e0       	ldi	r25, 0x00	; 0
 49a:	ac 01       	movw	r20, r24
 49c:	02 2e       	mov	r0, r18
 49e:	02 c0       	rjmp	.+4      	; 0x4a4 <write+0x18>
 4a0:	55 95       	asr	r21
 4a2:	47 95       	ror	r20
 4a4:	0a 94       	dec	r0
 4a6:	e2 f7       	brpl	.-8      	; 0x4a0 <write+0x14>
 4a8:	40 ff       	sbrs	r20, 0
 4aa:	0a c0       	rjmp	.+20     	; 0x4c0 <write+0x34>
 4ac:	2c 9a       	sbi	0x05, 4	; 5
 4ae:	2d 9a       	sbi	0x05, 5	; 5
 4b0:	2d 98       	cbi	0x05, 5	; 5
 4b2:	21 50       	subi	r18, 0x01	; 1
 4b4:	31 09       	sbc	r19, r1
 4b6:	88 f7       	brcc	.-30     	; 0x49a <write+0xe>
 4b8:	29 9a       	sbi	0x05, 1	; 5
 4ba:	08 95       	ret
 4bc:	2b 98       	cbi	0x05, 3	; 5
 4be:	ea cf       	rjmp	.-44     	; 0x494 <write+0x8>
 4c0:	2c 98       	cbi	0x05, 4	; 5
 4c2:	f5 cf       	rjmp	.-22     	; 0x4ae <write+0x22>

000004c4 <write_cmd>:
 4c4:	60 e0       	ldi	r22, 0x00	; 0
 4c6:	0c 94 46 02 	jmp	0x48c	; 0x48c <write>

000004ca <nokia_lcd_init>:
 4ca:	cf 93       	push	r28
 4cc:	df 93       	push	r29
 4ce:	21 9a       	sbi	0x04, 1	; 4
 4d0:	22 9a       	sbi	0x04, 2	; 4
 4d2:	23 9a       	sbi	0x04, 3	; 4
 4d4:	24 9a       	sbi	0x04, 4	; 4
 4d6:	25 9a       	sbi	0x04, 5	; 4
 4d8:	2a 9a       	sbi	0x05, 2	; 5
 4da:	29 9a       	sbi	0x05, 1	; 5
 4dc:	8f e3       	ldi	r24, 0x3F	; 63
 4de:	9c e9       	ldi	r25, 0x9C	; 156
 4e0:	01 97       	sbiw	r24, 0x01	; 1
 4e2:	f1 f7       	brne	.-4      	; 0x4e0 <nokia_lcd_init+0x16>
 4e4:	00 c0       	rjmp	.+0      	; 0x4e6 <nokia_lcd_init+0x1c>
 4e6:	00 00       	nop
 4e8:	2a 98       	cbi	0x05, 2	; 5
 4ea:	9f ef       	ldi	r25, 0xFF	; 255
 4ec:	2a e6       	ldi	r18, 0x6A	; 106
 4ee:	83 e0       	ldi	r24, 0x03	; 3
 4f0:	91 50       	subi	r25, 0x01	; 1
 4f2:	20 40       	sbci	r18, 0x00	; 0
 4f4:	80 40       	sbci	r24, 0x00	; 0
 4f6:	e1 f7       	brne	.-8      	; 0x4f0 <nokia_lcd_init+0x26>
 4f8:	00 c0       	rjmp	.+0      	; 0x4fa <nokia_lcd_init+0x30>
 4fa:	00 00       	nop
 4fc:	2a 9a       	sbi	0x05, 2	; 5
 4fe:	29 98       	cbi	0x05, 1	; 5
 500:	81 e2       	ldi	r24, 0x21	; 33
 502:	0e 94 62 02 	call	0x4c4	; 0x4c4 <write_cmd>
 506:	83 e1       	ldi	r24, 0x13	; 19
 508:	0e 94 62 02 	call	0x4c4	; 0x4c4 <write_cmd>
 50c:	86 e0       	ldi	r24, 0x06	; 6
 50e:	0e 94 62 02 	call	0x4c4	; 0x4c4 <write_cmd>
 512:	82 ec       	ldi	r24, 0xC2	; 194
 514:	0e 94 62 02 	call	0x4c4	; 0x4c4 <write_cmd>
 518:	80 e2       	ldi	r24, 0x20	; 32
 51a:	0e 94 62 02 	call	0x4c4	; 0x4c4 <write_cmd>
 51e:	89 e0       	ldi	r24, 0x09	; 9
 520:	0e 94 62 02 	call	0x4c4	; 0x4c4 <write_cmd>
 524:	80 e8       	ldi	r24, 0x80	; 128
 526:	0e 94 62 02 	call	0x4c4	; 0x4c4 <write_cmd>
 52a:	80 e4       	ldi	r24, 0x40	; 64
 52c:	0e 94 62 02 	call	0x4c4	; 0x4c4 <write_cmd>
 530:	c8 ef       	ldi	r28, 0xF8	; 248
 532:	d1 e0       	ldi	r29, 0x01	; 1
 534:	61 e0       	ldi	r22, 0x01	; 1
 536:	80 e0       	ldi	r24, 0x00	; 0
 538:	0e 94 46 02 	call	0x48c	; 0x48c <write>
 53c:	21 97       	sbiw	r28, 0x01	; 1
 53e:	d1 f7       	brne	.-12     	; 0x534 <nokia_lcd_init+0x6a>
 540:	88 e0       	ldi	r24, 0x08	; 8
 542:	0e 94 62 02 	call	0x4c4	; 0x4c4 <write_cmd>
 546:	8c e0       	ldi	r24, 0x0C	; 12
 548:	df 91       	pop	r29
 54a:	cf 91       	pop	r28
 54c:	0c 94 62 02 	jmp	0x4c4	; 0x4c4 <write_cmd>

00000550 <nokia_lcd_clear>:
 550:	80 e8       	ldi	r24, 0x80	; 128
 552:	0e 94 62 02 	call	0x4c4	; 0x4c4 <write_cmd>
 556:	80 e4       	ldi	r24, 0x40	; 64
 558:	0e 94 62 02 	call	0x4c4	; 0x4c4 <write_cmd>
 55c:	10 92 b1 03 	sts	0x03B1, r1	; 0x8003b1 <nokia_lcd+0x1f8>
 560:	10 92 b2 03 	sts	0x03B2, r1	; 0x8003b2 <nokia_lcd+0x1f9>
 564:	e9 eb       	ldi	r30, 0xB9	; 185
 566:	f1 e0       	ldi	r31, 0x01	; 1
 568:	88 ef       	ldi	r24, 0xF8	; 248
 56a:	91 e0       	ldi	r25, 0x01	; 1
 56c:	df 01       	movw	r26, r30
 56e:	9c 01       	movw	r18, r24
 570:	1d 92       	st	X+, r1
 572:	21 50       	subi	r18, 0x01	; 1
 574:	30 40       	sbci	r19, 0x00	; 0
 576:	e1 f7       	brne	.-8      	; 0x570 <nokia_lcd_clear+0x20>
 578:	08 95       	ret

0000057a <nokia_lcd_power>:
 57a:	81 11       	cpse	r24, r1
 57c:	03 c0       	rjmp	.+6      	; 0x584 <nokia_lcd_power+0xa>
 57e:	84 e2       	ldi	r24, 0x24	; 36
 580:	0c 94 62 02 	jmp	0x4c4	; 0x4c4 <write_cmd>
 584:	80 e2       	ldi	r24, 0x20	; 32
 586:	fc cf       	rjmp	.-8      	; 0x580 <nokia_lcd_power+0x6>

00000588 <nokia_lcd_set_pixel>:
 588:	96 2f       	mov	r25, r22
 58a:	96 95       	lsr	r25
 58c:	96 95       	lsr	r25
 58e:	96 95       	lsr	r25
 590:	e8 2f       	mov	r30, r24
 592:	f0 e0       	ldi	r31, 0x00	; 0
 594:	84 e5       	ldi	r24, 0x54	; 84
 596:	98 9f       	mul	r25, r24
 598:	e0 0d       	add	r30, r0
 59a:	f1 1d       	adc	r31, r1
 59c:	11 24       	eor	r1, r1
 59e:	e7 54       	subi	r30, 0x47	; 71
 5a0:	fe 4f       	sbci	r31, 0xFE	; 254
 5a2:	20 81       	ld	r18, Z
 5a4:	67 70       	andi	r22, 0x07	; 7
 5a6:	81 e0       	ldi	r24, 0x01	; 1
 5a8:	90 e0       	ldi	r25, 0x00	; 0
 5aa:	01 c0       	rjmp	.+2      	; 0x5ae <nokia_lcd_set_pixel+0x26>
 5ac:	88 0f       	add	r24, r24
 5ae:	6a 95       	dec	r22
 5b0:	ea f7       	brpl	.-6      	; 0x5ac <nokia_lcd_set_pixel+0x24>
 5b2:	44 23       	and	r20, r20
 5b4:	19 f0       	breq	.+6      	; 0x5bc <nokia_lcd_set_pixel+0x34>
 5b6:	28 2b       	or	r18, r24
 5b8:	20 83       	st	Z, r18
 5ba:	08 95       	ret
 5bc:	80 95       	com	r24
 5be:	28 23       	and	r18, r24
 5c0:	fb cf       	rjmp	.-10     	; 0x5b8 <nokia_lcd_set_pixel+0x30>

000005c2 <nokia_lcd_write_char>:
 5c2:	8f 92       	push	r8
 5c4:	9f 92       	push	r9
 5c6:	af 92       	push	r10
 5c8:	bf 92       	push	r11
 5ca:	df 92       	push	r13
 5cc:	ef 92       	push	r14
 5ce:	ff 92       	push	r15
 5d0:	0f 93       	push	r16
 5d2:	1f 93       	push	r17
 5d4:	cf 93       	push	r28
 5d6:	df 93       	push	r29
 5d8:	00 d0       	rcall	.+0      	; 0x5da <nokia_lcd_write_char+0x18>
 5da:	00 d0       	rcall	.+0      	; 0x5dc <nokia_lcd_write_char+0x1a>
 5dc:	0f 92       	push	r0
 5de:	cd b7       	in	r28, 0x3d	; 61
 5e0:	de b7       	in	r29, 0x3e	; 62
 5e2:	e8 2f       	mov	r30, r24
 5e4:	f6 2e       	mov	r15, r22
 5e6:	80 32       	cpi	r24, 0x20	; 32
 5e8:	0c f4       	brge	.+2      	; 0x5ec <nokia_lcd_write_char+0x2a>
 5ea:	4d c0       	rjmp	.+154    	; 0x686 <nokia_lcd_write_char+0xc4>
 5ec:	e0 52       	subi	r30, 0x20	; 32
 5ee:	85 e0       	ldi	r24, 0x05	; 5
 5f0:	e8 02       	muls	r30, r24
 5f2:	b0 01       	movw	r22, r0
 5f4:	11 24       	eor	r1, r1
 5f6:	68 59       	subi	r22, 0x98	; 152
 5f8:	7f 4f       	sbci	r23, 0xFF	; 255
 5fa:	45 e0       	ldi	r20, 0x05	; 5
 5fc:	50 e0       	ldi	r21, 0x00	; 0
 5fe:	ce 01       	movw	r24, r28
 600:	01 96       	adiw	r24, 0x01	; 1
 602:	0e 94 f2 03 	call	0x7e4	; 0x7e4 <memcpy_P>
 606:	8e 01       	movw	r16, r28
 608:	0f 5f       	subi	r16, 0xFF	; 255
 60a:	1f 4f       	sbci	r17, 0xFF	; 255
 60c:	95 e0       	ldi	r25, 0x05	; 5
 60e:	f9 9e       	mul	r15, r25
 610:	50 01       	movw	r10, r0
 612:	11 24       	eor	r1, r1
 614:	87 e0       	ldi	r24, 0x07	; 7
 616:	f8 9e       	mul	r15, r24
 618:	40 01       	movw	r8, r0
 61a:	11 24       	eor	r1, r1
 61c:	e1 2c       	mov	r14, r1
 61e:	ea 14       	cp	r14, r10
 620:	1b 04       	cpc	r1, r11
 622:	0c f4       	brge	.+2      	; 0x626 <nokia_lcd_write_char+0x64>
 624:	63 c0       	rjmp	.+198    	; 0x6ec <nokia_lcd_write_char+0x12a>
 626:	80 91 b1 03 	lds	r24, 0x03B1	; 0x8003b1 <nokia_lcd+0x1f8>
 62a:	8f 5f       	subi	r24, 0xFF	; 255
 62c:	9f 2d       	mov	r25, r15
 62e:	99 0f       	add	r25, r25
 630:	99 0f       	add	r25, r25
 632:	9f 0d       	add	r25, r15
 634:	89 0f       	add	r24, r25
 636:	80 93 b1 03 	sts	0x03B1, r24	; 0x8003b1 <nokia_lcd+0x1f8>
 63a:	84 35       	cpi	r24, 0x54	; 84
 63c:	58 f0       	brcs	.+22     	; 0x654 <nokia_lcd_write_char+0x92>
 63e:	80 91 b2 03 	lds	r24, 0x03B2	; 0x8003b2 <nokia_lcd+0x1f9>
 642:	10 92 b1 03 	sts	0x03B1, r1	; 0x8003b1 <nokia_lcd+0x1f8>
 646:	8f 5f       	subi	r24, 0xFF	; 255
 648:	97 e0       	ldi	r25, 0x07	; 7
 64a:	f9 9e       	mul	r15, r25
 64c:	80 0d       	add	r24, r0
 64e:	11 24       	eor	r1, r1
 650:	80 93 b2 03 	sts	0x03B2, r24	; 0x8003b2 <nokia_lcd+0x1f9>
 654:	80 91 b2 03 	lds	r24, 0x03B2	; 0x8003b2 <nokia_lcd+0x1f9>
 658:	80 33       	cpi	r24, 0x30	; 48
 65a:	20 f0       	brcs	.+8      	; 0x664 <nokia_lcd_write_char+0xa2>
 65c:	10 92 b1 03 	sts	0x03B1, r1	; 0x8003b1 <nokia_lcd+0x1f8>
 660:	10 92 b2 03 	sts	0x03B2, r1	; 0x8003b2 <nokia_lcd+0x1f9>
 664:	0f 90       	pop	r0
 666:	0f 90       	pop	r0
 668:	0f 90       	pop	r0
 66a:	0f 90       	pop	r0
 66c:	0f 90       	pop	r0
 66e:	df 91       	pop	r29
 670:	cf 91       	pop	r28
 672:	1f 91       	pop	r17
 674:	0f 91       	pop	r16
 676:	ff 90       	pop	r15
 678:	ef 90       	pop	r14
 67a:	df 90       	pop	r13
 67c:	bf 90       	pop	r11
 67e:	af 90       	pop	r10
 680:	9f 90       	pop	r9
 682:	8f 90       	pop	r8
 684:	08 95       	ret
 686:	ee 0f       	add	r30, r30
 688:	ff 0b       	sbc	r31, r31
 68a:	e7 58       	subi	r30, 0x87	; 135
 68c:	fe 4f       	sbci	r31, 0xFE	; 254
 68e:	00 81       	ld	r16, Z
 690:	11 81       	ldd	r17, Z+1	; 0x01
 692:	01 15       	cp	r16, r1
 694:	11 05       	cpc	r17, r1
 696:	09 f0       	breq	.+2      	; 0x69a <nokia_lcd_write_char+0xd8>
 698:	b9 cf       	rjmp	.-142    	; 0x60c <nokia_lcd_write_char+0x4a>
 69a:	45 e0       	ldi	r20, 0x05	; 5
 69c:	50 e0       	ldi	r21, 0x00	; 0
 69e:	68 e6       	ldi	r22, 0x68	; 104
 6a0:	70 e0       	ldi	r23, 0x00	; 0
 6a2:	ad cf       	rjmp	.-166    	; 0x5fe <nokia_lcd_write_char+0x3c>
 6a4:	ed 0d       	add	r30, r13
 6a6:	5e 0d       	add	r21, r14
 6a8:	8e 2d       	mov	r24, r14
 6aa:	6f 2d       	mov	r22, r15
 6ac:	0e 94 e6 03 	call	0x7cc	; 0x7cc <__udivmodqi4>
 6b0:	d8 01       	movw	r26, r16
 6b2:	a8 0f       	add	r26, r24
 6b4:	b1 1d       	adc	r27, r1
 6b6:	2c 91       	ld	r18, X
 6b8:	30 e0       	ldi	r19, 0x00	; 0
 6ba:	8d 2d       	mov	r24, r13
 6bc:	0e 94 e6 03 	call	0x7cc	; 0x7cc <__udivmodqi4>
 6c0:	02 c0       	rjmp	.+4      	; 0x6c6 <nokia_lcd_write_char+0x104>
 6c2:	35 95       	asr	r19
 6c4:	27 95       	ror	r18
 6c6:	8a 95       	dec	r24
 6c8:	e2 f7       	brpl	.-8      	; 0x6c2 <nokia_lcd_write_char+0x100>
 6ca:	41 e0       	ldi	r20, 0x01	; 1
 6cc:	20 ff       	sbrs	r18, 0
 6ce:	40 e0       	ldi	r20, 0x00	; 0
 6d0:	6e 2f       	mov	r22, r30
 6d2:	85 2f       	mov	r24, r21
 6d4:	0e 94 c4 02 	call	0x588	; 0x588 <nokia_lcd_set_pixel>
 6d8:	d3 94       	inc	r13
 6da:	e0 91 b2 03 	lds	r30, 0x03B2	; 0x8003b2 <nokia_lcd+0x1f9>
 6de:	50 91 b1 03 	lds	r21, 0x03B1	; 0x8003b1 <nokia_lcd+0x1f8>
 6e2:	d8 14       	cp	r13, r8
 6e4:	19 04       	cpc	r1, r9
 6e6:	f4 f2       	brlt	.-68     	; 0x6a4 <nokia_lcd_write_char+0xe2>
 6e8:	e3 94       	inc	r14
 6ea:	99 cf       	rjmp	.-206    	; 0x61e <nokia_lcd_write_char+0x5c>
 6ec:	d1 2c       	mov	r13, r1
 6ee:	f5 cf       	rjmp	.-22     	; 0x6da <nokia_lcd_write_char+0x118>

000006f0 <nokia_lcd_custom>:
 6f0:	e8 2f       	mov	r30, r24
 6f2:	80 32       	cpi	r24, 0x20	; 32
 6f4:	34 f4       	brge	.+12     	; 0x702 <nokia_lcd_custom+0x12>
 6f6:	ee 0f       	add	r30, r30
 6f8:	ff 0b       	sbc	r31, r31
 6fa:	e7 58       	subi	r30, 0x87	; 135
 6fc:	fe 4f       	sbci	r31, 0xFE	; 254
 6fe:	71 83       	std	Z+1, r23	; 0x01
 700:	60 83       	st	Z, r22
 702:	08 95       	ret

00000704 <nokia_lcd_write_string>:
 704:	1f 93       	push	r17
 706:	cf 93       	push	r28
 708:	df 93       	push	r29
 70a:	16 2f       	mov	r17, r22
 70c:	ec 01       	movw	r28, r24
 70e:	89 91       	ld	r24, Y+
 710:	81 11       	cpse	r24, r1
 712:	04 c0       	rjmp	.+8      	; 0x71c <nokia_lcd_write_string+0x18>
 714:	df 91       	pop	r29
 716:	cf 91       	pop	r28
 718:	1f 91       	pop	r17
 71a:	08 95       	ret
 71c:	61 2f       	mov	r22, r17
 71e:	0e 94 e1 02 	call	0x5c2	; 0x5c2 <nokia_lcd_write_char>
 722:	f5 cf       	rjmp	.-22     	; 0x70e <nokia_lcd_write_string+0xa>

00000724 <nokia_lcd_set_cursor>:
 724:	80 93 b1 03 	sts	0x03B1, r24	; 0x8003b1 <nokia_lcd+0x1f8>
 728:	60 93 b2 03 	sts	0x03B2, r22	; 0x8003b2 <nokia_lcd+0x1f9>
 72c:	08 95       	ret

0000072e <nokia_lcd_render>:
 72e:	cf 93       	push	r28
 730:	df 93       	push	r29
 732:	80 e8       	ldi	r24, 0x80	; 128
 734:	0e 94 62 02 	call	0x4c4	; 0x4c4 <write_cmd>
 738:	80 e4       	ldi	r24, 0x40	; 64
 73a:	0e 94 62 02 	call	0x4c4	; 0x4c4 <write_cmd>
 73e:	c9 eb       	ldi	r28, 0xB9	; 185
 740:	d1 e0       	ldi	r29, 0x01	; 1
 742:	61 e0       	ldi	r22, 0x01	; 1
 744:	89 91       	ld	r24, Y+
 746:	0e 94 46 02 	call	0x48c	; 0x48c <write>
 74a:	83 e0       	ldi	r24, 0x03	; 3
 74c:	c1 3b       	cpi	r28, 0xB1	; 177
 74e:	d8 07       	cpc	r29, r24
 750:	c1 f7       	brne	.-16     	; 0x742 <nokia_lcd_render+0x14>
 752:	df 91       	pop	r29
 754:	cf 91       	pop	r28
 756:	08 95       	ret

00000758 <main>:
 758:	f8 94       	cli
 75a:	0e 94 65 02 	call	0x4ca	; 0x4ca <nokia_lcd_init>
 75e:	8a b1       	in	r24, 0x0a	; 10
 760:	83 7f       	andi	r24, 0xF3	; 243
 762:	8a b9       	out	0x0a, r24	; 10
 764:	8b b1       	in	r24, 0x0b	; 11
 766:	8c 60       	ori	r24, 0x0C	; 12
 768:	8b b9       	out	0x0b, r24	; 11
 76a:	0e 94 b8 01 	call	0x370	; 0x370 <timer_init>
 76e:	78 94       	sei
 770:	c1 e0       	ldi	r28, 0x01	; 1
 772:	4b 9b       	sbis	0x09, 3	; 9
 774:	c0 93 78 01 	sts	0x0178, r28	; 0x800178 <cronometroON>
 778:	4b 9b       	sbis	0x09, 3	; 9
 77a:	04 c0       	rjmp	.+8      	; 0x784 <main+0x2c>
 77c:	80 91 78 01 	lds	r24, 0x0178	; 0x800178 <cronometroON>
 780:	81 11       	cpse	r24, r1
 782:	21 c0       	rjmp	.+66     	; 0x7c6 <main+0x6e>
 784:	4a 99       	sbic	0x09, 2	; 9
 786:	1c c0       	rjmp	.+56     	; 0x7c0 <main+0x68>
 788:	80 91 78 01 	lds	r24, 0x0178	; 0x800178 <cronometroON>
 78c:	81 11       	cpse	r24, r1
 78e:	18 c0       	rjmp	.+48     	; 0x7c0 <main+0x68>
 790:	10 92 77 01 	sts	0x0177, r1	; 0x800177 <contadorCentesimoUnidade+0x1>
 794:	10 92 76 01 	sts	0x0176, r1	; 0x800176 <contadorCentesimoUnidade>
 798:	10 92 75 01 	sts	0x0175, r1	; 0x800175 <contadorCentesimoDezena+0x1>
 79c:	10 92 74 01 	sts	0x0174, r1	; 0x800174 <contadorCentesimoDezena>
 7a0:	10 92 73 01 	sts	0x0173, r1	; 0x800173 <contadorSegundoUnidade+0x1>
 7a4:	10 92 72 01 	sts	0x0172, r1	; 0x800172 <contadorSegundoUnidade>
 7a8:	10 92 71 01 	sts	0x0171, r1	; 0x800171 <contadorSegundoDezena+0x1>
 7ac:	10 92 70 01 	sts	0x0170, r1	; 0x800170 <contadorSegundoDezena>
 7b0:	10 92 6f 01 	sts	0x016F, r1	; 0x80016f <contadorMinutoUnidade+0x1>
 7b4:	10 92 6e 01 	sts	0x016E, r1	; 0x80016e <contadorMinutoUnidade>
 7b8:	10 92 6d 01 	sts	0x016D, r1	; 0x80016d <contadorMinutoDezena+0x1>
 7bc:	10 92 6c 01 	sts	0x016C, r1	; 0x80016c <contadorMinutoDezena>
 7c0:	0e 94 43 01 	call	0x286	; 0x286 <lcd_atualizar>
 7c4:	d6 cf       	rjmp	.-84     	; 0x772 <main+0x1a>
 7c6:	10 92 78 01 	sts	0x0178, r1	; 0x800178 <cronometroON>
 7ca:	d6 cf       	rjmp	.-84     	; 0x778 <main+0x20>

000007cc <__udivmodqi4>:
 7cc:	99 1b       	sub	r25, r25
 7ce:	79 e0       	ldi	r23, 0x09	; 9
 7d0:	04 c0       	rjmp	.+8      	; 0x7da <__udivmodqi4_ep>

000007d2 <__udivmodqi4_loop>:
 7d2:	99 1f       	adc	r25, r25
 7d4:	96 17       	cp	r25, r22
 7d6:	08 f0       	brcs	.+2      	; 0x7da <__udivmodqi4_ep>
 7d8:	96 1b       	sub	r25, r22

000007da <__udivmodqi4_ep>:
 7da:	88 1f       	adc	r24, r24
 7dc:	7a 95       	dec	r23
 7de:	c9 f7       	brne	.-14     	; 0x7d2 <__udivmodqi4_loop>
 7e0:	80 95       	com	r24
 7e2:	08 95       	ret

000007e4 <memcpy_P>:
 7e4:	fb 01       	movw	r30, r22
 7e6:	dc 01       	movw	r26, r24
 7e8:	02 c0       	rjmp	.+4      	; 0x7ee <memcpy_P+0xa>
 7ea:	05 90       	lpm	r0, Z+
 7ec:	0d 92       	st	X+, r0
 7ee:	41 50       	subi	r20, 0x01	; 1
 7f0:	50 40       	sbci	r21, 0x00	; 0
 7f2:	d8 f7       	brcc	.-10     	; 0x7ea <memcpy_P+0x6>
 7f4:	08 95       	ret

000007f6 <_exit>:
 7f6:	f8 94       	cli

000007f8 <__stop_program>:
 7f8:	ff cf       	rjmp	.-2      	; 0x7f8 <__stop_program>
